\
# ============================================================================
# FlexNet Publisher (FlexLM) Debug Log — All-Scenarios Sample
# Purpose: single "long" log that demonstrates start, reread, down, IN/OUT,
#          DENIED, EXPIRED, RESERVATION effects, GROUP/USER references,
#          and UNSUPPORTED messages across multiple vendors.
# Notes:
#  - Timestamps, hostnames, versions, and error codes are illustrative.
#  - Format imitates common lmgrd/vendor-daemon debug logs.
#  - Lines beginning with "(lmgrd)" are from the license server manager.
#  - Lines beginning with "(<vendor>)" are from a vendor daemon.
# ============================================================================

12:00:00 (lmgrd) -----------------------------------------------
12:00:00 (lmgrd) FLEXnet Licensing (v11.17.0) started on host "ronna"
12:00:00 (lmgrd) License file(s): /opt/flexlm/licenses/auradine.lic
12:00:00 (lmgrd) lmgrd tcp-port 27000
12:00:00 (lmgrd) Starting vendor daemons ...

12:00:01 (cadence) FLEXnet Licensing version v11.17.0
12:00:01 (cadence) Vendor daemon "cadence" started
12:00:01 (cadence) Using options file "/opt/flexlm/options/cadence.opt"
12:00:01 (cadence) Server node: ronna (Linux x86_64)

12:00:02 (synopsys) FLEXnet Licensing version v11.17.0
12:00:02 (synopsys) Vendor daemon "synopsys" started
12:00:02 (synopsys) Using options file "/opt/flexlm/options/synopsys.opt"

12:00:03 (altair) FLEXnet Licensing version v11.17.0
12:00:03 (altair) Vendor daemon "altair" started
12:00:03 (altair) Using options file "/opt/flexlm/options/altair.opt"

# ---- Normal checkouts (OUT) / checkins (IN) --------------------------------
12:03:00 (synopsys) OUT: "dc_shell" v2023.06  user john@design01  (handle 10001) 1/20
12:05:10 (synopsys) IN:  "dc_shell" v2023.06  user john@design01  (handle 10001)

12:04:22 (cadence) OUT: "innovus" v23.10  user alice@floorplan01  (handle 20002) 5/25
12:15:39 (cadence) IN:  "innovus" v23.10  user alice@floorplan01  (handle 20002)

12:06:12 (altair) OUT: "hypermesh" v2022.1  user dave@cae01  (handle 30003) 3/10
12:20:11 (altair) IN:  "hypermesh" v2022.1  user dave@cae01  (handle 30003)

# ---- Denials (DENIED) ------------------------------------------------------
12:07:10 (synopsys) DENIED: "dc_shell" v2023.06  user bob@design02  (Licensed number of users already reached.) (-4,342)
12:07:44 (cadence)  DENIED: "innovus" v23.10  user chao@floorplan02  (MAX limit in options file exceeded.) (-194)
12:08:02 (altair)   DENIED: "optistruct" v2022.1  user erin@cae02  (Not in INCLUDE list; access denied by options.)

# ---- Reservations (RESERVE, GROUP, USERS in effect) ------------------------
# Options in effect (from options files), shown here for context:
# GROUP DEV  alice bob charlie
# GROUP CAE  dave erin frank
# RESERVE 2 innovus USER alice
# RESERVE 3 optistruct GROUP CAE
# (The above reservations and groups influence checkouts below.)

12:08:55 (cadence) OUT: "innovus" v23.10  user alice@floorplan01  (RESERVED for USER alice) (handle 20005) 6/25
12:09:07 (altair)  OUT: "optistruct" v2022.1  user dave@cae01  (RESERVED for GROUP CAE) (handle 30006) 4/10
12:09:10 (altair)  DENIED: "optistruct" v2022.1  user gina@cae03  (Reservation held for GROUP CAE; user not in group.)

# ---- Unsupported and Expired -----------------------------------------------
12:09:40 (cadence)  UNSUPPORTED: "virtuoso_legacy" v12.9 requested by user heidi@layout01 (feature not supported on this vendor/platform).
12:10:05 (synopsys) EXPIRED: "vcs_mx" v2021.09  user ivan@sim01  (license expired on 2025-01-01)

# ---- Server reread (lmreread) ----------------------------------------------
12:11:00 (lmgrd) REREAD: lmreread received from admin "jbennet" on ronna
12:11:00 (lmgrd) Rereading license file(s) and signaling vendor daemons to reread options
12:11:01 (cadence) REREAD: options file "/opt/flexlm/options/cadence.opt" reread completed
12:11:01 (synopsys) REREAD: options file "/opt/flexlm/options/synopsys.opt" reread completed
12:11:01 (altair)  REREAD: options file "/opt/flexlm/options/altair.opt" reread completed

# ---- Post-reread activity ---------------------------------------------------
12:11:30 (cadence) OUT: "innovus" v23.10  user bob@floorplan02  (queued earlier; now granted) (handle 20007) 7/25
12:12:02 (synopsys) OUT: "dc_shell" v2023.06  user bob@design02  (handle 10008) 2/20
12:12:59 (synopsys) IN:  "dc_shell" v2023.06  user bob@design02  (handle 10008)

# ---- Queueing/Max examples --------------------------------------------------
12:13:15 (cadence) QUEUED: "innovus" v23.10  user carol@floorplan03  (insufficient free licenses; waiting...)
12:14:00 (cadence) DENIED: "innovus" v23.10  user jan@floorplan04  (MAX GROUP limit reached; use will be queued.)

# ---- Diagnostics / SLOG-style entries --------------------------------------
12:14:30 (lmgrd) (@lmgrd-SLOG@) Start=2025-09-11T12:00:00Z; PID=18761; Port=27000; LicFiles=/opt/flexlm/licenses/auradine.lic
12:14:31 (cadence) (@cadence-SLOG@) RereadsSinceStart=1; LastReread=2025-09-11T12:11:01Z; Options=/opt/flexlm/options/cadence.opt
12:14:31 (synopsys) (@synopsys-SLOG@) RereadsSinceStart=1; LastReread=2025-09-11T12:11:01Z; Options=/opt/flexlm/options/synopsys.opt

# ---- Graceful shutdown (lmdown) --------------------------------------------
12:20:00 (lmgrd) Shutdown requested by "jbennet" (lmdown) from 10.0.0.25
12:20:00 (lmgrd) Shutting down all vendor daemons ...
12:20:01 (cadence) Vendor daemon shutdown requested
12:20:01 (synopsys) Vendor daemon shutdown requested
12:20:01 (altair)  Vendor daemon shutdown requested
12:20:03 (cadence) Server exiting
12:20:03 (synopsys) Server exiting
12:20:03 (altair)  Server exiting
12:20:04 (lmgrd) All vendor daemons are down
12:20:04 (lmgrd) License server manager (lmgrd) exiting

# ---- Restart after maintenance ---------------------------------------------
12:45:00 (lmgrd) -----------------------------------------------
12:45:00 (lmgrd) FLEXnet Licensing (v11.17.0) started on host "ronna"
12:45:00 (lmgrd) License file(s): /opt/flexlm/licenses/auradine.lic
12:45:00 (lmgrd) lmgrd tcp-port 27000
12:45:00 (lmgrd) Starting vendor daemons ...

12:45:01 (cadence) Vendor daemon "cadence" started
12:45:02 (synopsys) Vendor daemon "synopsys" started
12:45:03 (altair)  Vendor daemon "altair" started

# ---- Post-restart sanity ----------------------------------------------------
12:46:10 (synopsys) OUT: "dc_shell" v2023.06  user john@design01  (handle 10021) 1/20
12:46:40 (synopsys) IN:  "dc_shell" v2023.06  user john@design01  (handle 10021)

12:47:12 (cadence) OUT: "innovus" v23.10  user alice@floorplan01  (handle 20022) 5/25
12:47:59 (cadence) IN:  "innovus" v23.10  user alice@floorplan01  (handle 20022)


12:48:05 (altair)  OUT: "optistruct" v2022.1  user dave@cae01  (RESERVED for GROUP CAE) (handle 30023) 3/10
12:55:10 (altair)  IN:  "optistruct" v2022.1  user dave@cae01  (handle 30023)



12:48:05 (altair)  OUT: "optistruct" v2022.1  user dave@cae01  (RESERVED for GROUP CAE) (handle 30023) 3/10
12:55:10 (altair)  IN:  "optistruct" v2022.1  user dave@cae01  (handle 30023)


12:48:05 (altair)  OUT: "optistruct" v2022.1  user dave@cae01  (RESERVED for GROUP CAE) (handle 30023) 3/10
12:55:10 (altair)  IN:  "optistruct" v2022.1  user dave@cae01  (handle 30023)

12:46:10 (synopsys) OUT: "dc_shell" v2023.06  user john@design01  (handle 10021) 1/20
12:46:40 (synopsys) IN:  "dc_shell" v2023.06  user john@design01  (handle 10021)

12:46:10 (synopsys) OUT: "alpaca_shell" v2023.06  user john@design01  (handle 10021) 1/20
12:46:40 (synopsys) IN:  "sanj" v2023.06  user john@design01  (handle 10021)

12:46:10 (synopsys) OUT: "alpaca_shell" v2023.06  user john@design01  (handle 10021) 1/20
12:46:40 (synopsys) IN:  "sanj" v2023.06  user john@design01  (handle 10021)
12:46:10 (synopsys) OUT: "alpaca_shell" v2023.06  user john@design01  (handle 10021) 1/20
12:46:40 (synopsys) IN:  "sanj" v2023.06  user john@design01  (handle 10021)
12:46:10 (synopsys) OUT: "alpaca_shell" v2023.06  user john@design01  (handle 10021) 1/20
12:46:40 (synopsys) IN:  "sanj" v2023.06  user john@design01  (handle 10021)
12:46:10 (synopsys) OUT: "alpaca_shell" v2023.06  user john@design01  (handle 10021) 1/20
12:46:40 (synopsys) IN:  "sanj" v2023.06  user john@design01  (handle 10021)
03:58:00 (altair) OUT: "optistruct" v2022.1  user alex@cad02  (handle 36774) 9/19
20:06:53 (cadence) OUT: "virtuoso" v2023.06  user john@design01  (handle 67238)
12:00:03 (altair) OUT: "hypermesh" v2023.06  user arun@eda03  (handle 40682) 10/10
15:43:46 (altair) OUT: "flotherm" v2022.1  user alice@floorplan01  (handle 19784)
19:43:16 (altair) RESERVED: "flotherm" v2022.1  user alex@cad02 (RESERVED for GROUP CAE) (handle 94897)
01:14:02 (altair) OUT: "flotherm" v2023.06  user dave@cae01  (handle 44513) 6/5
16:52:47 (cadence) RESERVED: "virtuoso" v2024.02  user alex@cad02 (RESERVED for GROUP CAE) (handle 39506)
04:22:31 (altair) OUT: "flotherm" v23.10  user john@design01  (handle 93679)
13:48:59 (synopsys) RESERVED: "dc_shell" v2023.06  user alex@cad02 (RESERVED for GROUP CAE) (handle 59109)
13:29:09 (synopsys) IN: "primetime" v2022.1  user alex@cad02  (handle 51643) 9/3


18:05:34 (cadence) RESERVED: "virtuoso" v2024.02  user dave@cae01 (RESERVED for GROUP CAE) (handle 53274) 8/17
18:05:34 (cadence) RESERVED: "tempus" v23.10  user alex@cad02 (RESERVED for GROUP CAE) (handle 31983)
18:05:34 (altair) OUT: "flotherm" v23.10  user li@chip05  (handle 89030)
18:05:34 (synopsys) OUT: "primetime" v2022.1  user alex@cad02  (handle 30755)
18:05:34 (altair) OUT: "optistruct" v23.10  user alex@cad02  (handle 30060) 9/29
18:05:34 (synopsys) RESERVED: "primetime" v2023.06  user john@design01 (RESERVED for GROUP CAE) (handle 67456)
18:05:34 (synopsys) RESERVED: "vcs" v2022.1  user alex@cad02 (RESERVED for GROUP CAE) (handle 43074) 5/16
18:05:34 (altair) OUT: "hypermesh" v2023.06  user dave@cae01  (handle 27723)
18:05:34 (altair) IN: "flux" v2022.1  user dave@cae01  (handle 52969)
18:05:34 (cadence) RESERVED: "innovus" v2024.02  user dave@cae01 (RESERVED for GROUP CAE) (handle 30553) 5/18
18:06:15 (altair) RESERVED: "hypermesh" v23.10  user alice@floorplan01 (RESERVED for GROUP CAE) (handle 65254)
18:06:15 (cadence) IN: "virtuoso" v23.10  user dave@cae01  (handle 46693) 7/22
18:06:15 (synopsys) IN: "vcs" v2022.1  user alex@cad02  (handle 48651) 2/27
18:06:15 (cadence) OUT: "innovus" v2022.1  user dave@cae01  (handle 75137) 4/8
18:06:15 (altair) IN: "hypermesh" v23.10  user john@design01  (handle 37912) 2/18
18:06:15 (altair) OUT: "flux" v2022.1  user arun@eda03  (handle 13914) 6/17
18:06:15 (synopsys) IN: "vcs" v2022.1  user dave@cae01  (handle 11506)
18:06:15 (synopsys) IN: "design_compiler" v2024.02  user li@chip05  (handle 58756)
18:06:15 (altair) OUT: "hypermesh" v2023.06  user dave@cae01  (handle 99348)
18:06:15 (cadence) RESERVED: "genus" v2024.02  user arun@eda03 (RESERVED for GROUP CAE) (handle 37074) 9/23
18:07:56 (synopsys) OUT: "design_compiler" v23.10  user alice@floorplan01  (handle 31261) 3/12
18:07:56 (synopsys) IN: "primetime" v2024.02  user alex@cad02  (handle 57435)
18:07:56 (altair) OUT: "hypermesh" v2024.02  user alex@cad02  (handle 92243) 8/25
18:07:56 (cadence) RESERVED: "virtuoso" v2024.02  user dave@cae01 (RESERVED for GROUP CAE) (handle 44360)
18:07:56 (cadence) OUT: "tempus" v2022.1  user john@design01  (handle 13501)
18:07:56 (synopsys) IN: "dc_shell" v2024.02  user dave@cae01  (handle 84207) 5/18
18:07:56 (altair) RESERVED: "flotherm" v2024.02  user alex@cad02 (RESERVED for GROUP CAE) (handle 20628)
18:07:56 (altair) IN: "optistruct" v2024.02  user john@design01  (handle 12861) 1/29
18:07:56 (cadence) RESERVED: "tempus" v2022.1  user arun@eda03 (RESERVED for GROUP CAE) (handle 40762) 5/29
18:07:56 (altair) IN: "flux" v2023.06  user alex@cad02  (handle 45457)
